<?xml version="1.0" encoding="UTF-8"?>
<testsuite name="com.ihebchiha.ApplicationTest" tests="1" skipped="0" failures="0" errors="0" timestamp="2021-10-10T22:04:57" hostname="DESKTOP-RM779DB" time="0.494">
  <properties/>
  <testcase name="testRoot" classname="com.ihebchiha.ApplicationTest" time="0.494"/>
  <system-out><![CDATA[2021-10-10 23:04:57.319 [Test worker] INFO  ktor.test - Autoreload is disabled because the development mode is off.
2021-10-10 23:04:57.329 [Test worker] INFO  ktor.test - Application started in 0.074 seconds.
]]></system-out>
  <system-err><![CDATA[]]></system-err>
</testsuite>
